<?xml version="1.0" encoding="UTF-8"?>
<!-- Generated by org.testng.reporters.JUnitXMLReporter -->
<testsuite ignored="0" hostname="LAPTOP-82PU0LMB" failures="1" tests="2" name="Test" time="180.963" errors="0" timestamp="2022-09-23T16:51:18 IST">
  <testcase classname="selGrid2" name="HomePage3Check" time="9.625"/>
  <testcase classname="selGrid1" name="HomePageCheck" time="180.911">
    <failure type="org.openqa.selenium.SessionNotCreatedException" message="Could not start a new session. Possible causes are invalid address of the remote server or browser start-up failure.
Build info: version: &amp;apos;4.3.0&amp;apos;, revision: &amp;apos;a4995e2c09*&amp;apos;
System info: host: &amp;apos;LAPTOP-82PU0LMB&amp;apos;, ip: &amp;apos;192.168.101.71&amp;apos;, os.name: &amp;apos;Windows 10&amp;apos;, os.arch: &amp;apos;amd64&amp;apos;, os.version: &amp;apos;10.0&amp;apos;, java.version: &amp;apos;11.0.16&amp;apos;
Driver info: org.openqa.selenium.remote.RemoteWebDriver
Command: [null, newSession {capabilities=[Capabilities {browserName: msedge}], desiredCapabilities=Capabilities {browserName: msedge}}]
Capabilities {}">
      <![CDATA[org.openqa.selenium.SessionNotCreatedException: Could not start a new session. Possible causes are invalid address of the remote server or browser start-up failure.
Build info: version: '4.3.0', revision: 'a4995e2c09*'
System info: host: 'LAPTOP-82PU0LMB', ip: '192.168.101.71', os.name: 'Windows 10', os.arch: 'amd64', os.version: '10.0', java.version: '11.0.16'
Driver info: org.openqa.selenium.remote.RemoteWebDriver
Command: [null, newSession {capabilities=[Capabilities {browserName: msedge}], desiredCapabilities=Capabilities {browserName: msedge}}]
Capabilities {}
at org.openqa.selenium.remote.RemoteWebDriver.execute(RemoteWebDriver.java:587)
at org.openqa.selenium.remote.RemoteWebDriver.startSession(RemoteWebDriver.java:264)
at org.openqa.selenium.remote.RemoteWebDriver.<init>(RemoteWebDriver.java:179)
at org.openqa.selenium.remote.RemoteWebDriver.<init>(RemoteWebDriver.java:166)
at org.openqa.selenium.remote.RemoteWebDriver.<init>(RemoteWebDriver.java:151)
at selGrid1.HomePageCheck(selGrid1.java:16)
at java.base/java.util.concurrent.ThreadPoolExecutor.runWorker(ThreadPoolExecutor.java:1128)
at java.base/java.util.concurrent.ThreadPoolExecutor$Worker.run(ThreadPoolExecutor.java:628)
at java.base/java.lang.Thread.run(Thread.java:834)
Caused by: java.lang.RuntimeException: NettyHttpHandler request execution error
at org.openqa.selenium.remote.http.netty.NettyHttpHandler.makeCall(NettyHttpHandler.java:76)
at org.openqa.selenium.remote.http.AddSeleniumUserAgent.lambda$apply$0(AddSeleniumUserAgent.java:42)
at org.openqa.selenium.remote.http.Filter.lambda$andFinally$1(Filter.java:56)
at org.openqa.selenium.remote.http.netty.NettyHttpHandler.execute(NettyHttpHandler.java:49)
at org.openqa.selenium.remote.http.AddSeleniumUserAgent.lambda$apply$0(AddSeleniumUserAgent.java:42)
at org.openqa.selenium.remote.http.Filter.lambda$andFinally$1(Filter.java:56)
at org.openqa.selenium.remote.http.netty.NettyClient.execute(NettyClient.java:98)
at org.openqa.selenium.remote.tracing.TracedHttpClient.execute(TracedHttpClient.java:55)
at org.openqa.selenium.remote.ProtocolHandshake.createSession(ProtocolHandshake.java:120)
at org.openqa.selenium.remote.ProtocolHandshake.createSession(ProtocolHandshake.java:102)
at org.openqa.selenium.remote.ProtocolHandshake.createSession(ProtocolHandshake.java:67)
at org.openqa.selenium.remote.HttpCommandExecutor.execute(HttpCommandExecutor.java:156)
at org.openqa.selenium.remote.TracedCommandExecutor.execute(TracedCommandExecutor.java:51)
at org.openqa.selenium.remote.RemoteWebDriver.execute(RemoteWebDriver.java:569)
... 20 more
Caused by: java.util.concurrent.ExecutionException: java.util.concurrent.TimeoutException: Request timeout to localhost/127.0.0.1:4444 after 180000 ms
at java.base/java.util.concurrent.CompletableFuture.reportGet(CompletableFuture.java:395)
at java.base/java.util.concurrent.CompletableFuture.get(CompletableFuture.java:2022)
at org.asynchttpclient.netty.NettyResponseFuture.get(NettyResponseFuture.java:206)
at org.openqa.selenium.remote.http.netty.NettyHttpHandler.makeCall(NettyHttpHandler.java:59)
... 33 more
Caused by: java.util.concurrent.TimeoutException: Request timeout to localhost/127.0.0.1:4444 after 180000 ms
at org.asynchttpclient.netty.timeout.TimeoutTimerTask.expire(TimeoutTimerTask.java:43)
at org.asynchttpclient.netty.timeout.RequestTimeoutTimerTask.run(RequestTimeoutTimerTask.java:50)
at io.netty.util.HashedWheelTimer$HashedWheelTimeout.run(HashedWheelTimer.java:715)
at io.netty.util.concurrent.ImmediateExecutor.execute(ImmediateExecutor.java:34)
at io.netty.util.HashedWheelTimer$HashedWheelTimeout.expire(HashedWheelTimer.java:703)
at io.netty.util.HashedWheelTimer$HashedWheelBucket.expireTimeouts(HashedWheelTimer.java:790)
at io.netty.util.HashedWheelTimer$Worker.run(HashedWheelTimer.java:503)
at io.netty.util.concurrent.FastThreadLocalRunnable.run(FastThreadLocalRunnable.java:30)
... 1 more
... Removed 12 stack frames]]>
    </failure>
  </testcase> <!-- HomePageCheck -->
</testsuite> <!-- Test -->
